#
# There is insufficient memory for the Java Runtime Environment to continue.
# Native memory allocation (mmap) failed to map 67108864 bytes for Failed to commit area from 0x00000000c1800000 to 0x00000000c5800000 of length 67108864.
# Possible reasons:
#   The system is out of physical RAM or swap space
#   The process is running with CompressedOops enabled, and the Java Heap may be blocking the growth of the native heap
# Possible solutions:
#   Reduce memory load on the system
#   Increase physical memory or swap space
#   Check if swap backing store is full
#   Decrease Java heap size (-Xmx/-Xms)
#   Decrease number of Java threads
#   Decrease Java thread stack sizes (-Xss)
#   Set larger code cache with -XX:ReservedCodeCacheSize=
# This output file may be truncated or incomplete.
#
#  Out of Memory Error (t:/workspace/open/src/hotspot/os/windows/os_windows.cpp:3264), pid=15440, tid=15932
#
# JRE version:  (12.0.2+10) (build )
# Java VM: Java HotSpot(TM) 64-Bit Server VM (12.0.2+10, mixed mode, aot, sharing, tiered, compressed oops, g1 gc, windows-amd64)
# No core dump will be written. Minidumps are not enabled by default on client versions of Windows
#

---------------  S U M M A R Y ------------

Command Line: -Dfile.encoding=Cp1252 SnakeGame.SnakeFrame

Host: Intel(R) Core(TM) i3-4005U CPU @ 1.70GHz, 4 cores, 3G,  Windows 10 , 64 bit Build 18362 (10.0.18362.1110)
Time: Mon Jan  4 19:38:33 2021 India Standard Time elapsed time: 0 seconds (0d 0h 0m 0s)

---------------  T H R E A D  ---------------

Current thread (0x000002aa758b9000):  JavaThread "Unknown thread" [_thread_in_vm, id=15932, stack(0x000000c425700000,0x000000c425800000)]

Stack: [0x000000c425700000,0x000000c425800000]
Native frames: (J=compiled Java code, j=interpreted, Vv=VM code, C=native code)
V  [jvm.dll+0x63aa2a]
V  [jvm.dll+0x78ce1e]
V  [jvm.dll+0x78e4c1]
V  [jvm.dll+0x78eb13]
V  [jvm.dll+0x2627e8]
V  [jvm.dll+0x637f5a]
V  [jvm.dll+0x62c845]
V  [jvm.dll+0x31e49c]
V  [jvm.dll+0x31e2cf]
V  [jvm.dll+0x324006]
V  [jvm.dll+0x371f56]
V  [jvm.dll+0x371720]
V  [jvm.dll+0x2f845a]
V  [jvm.dll+0x2f96d2]
V  [jvm.dll+0x767267]
V  [jvm.dll+0x7689f5]
V  [jvm.dll+0x380059]
V  [jvm.dll+0x74b794]
V  [jvm.dll+0x3ef5cd]
V  [jvm.dll+0x3f1471]
C  [jli.dll+0x51cf]
C  [ucrtbase.dll+0x210b2]
C  [KERNEL32.DLL+0x17c24]
C  [ntdll.dll+0x6cea1]


---------------  P R O C E S S  ---------------

Threads class SMR info:
_java_thread_list=0x00007ffdb6397928, length=0, elements={
}

Java Threads: ( => current thread )

Other Threads:
  0x000002aa758e0800 GCTaskThread "GC Thread#0" [stack: 0x000000c425800000,0x000000c425900000] [id=15928]
  0x000002aa758e8800 ConcurrentGCThread "G1 Main Marker" [stack: 0x000000c425900000,0x000000c425a00000] [id=15908]
  0x000002aa758f0000 ConcurrentGCThread "G1 Conc#0" [stack: 0x000000c425a00000,0x000000c425b00000] [id=15940]

[error occurred during error reporting (printing all threads), id 0xc0000005, EXCEPTION_ACCESS_VIOLATION (0xc0000005) at pc=0x00007ffdb5bc85e7]

VM state:not at safepoint (not fully initialized)

VM Mutex/Monitor currently owned by a thread:  ([mutex/lock_event])
[0x000002aa758b65b0] Heap_lock - owner thread: 0x000002aa758b9000

Heap address: 0x00000000c1800000, size: 1000 MB, Compressed Oops mode: Non-zero based: 0x00000000c1800000
Narrow klass base: 0x0000000000000000, Narrow klass shift: 0

GC Heap History (0 events):
No events

Deoptimization events (0 events):
No events

Classes redefined (0 events):
No events

Internal exceptions (0 events):
No events

Events (0 events):
No events


Dynamic libraries:
0x00007ff64b9d0000 - 0x00007ff64b9df000 	F:\Java\jdk-12.0.2\bin\javaw.exe
0x00007ffde6280000 - 0x00007ffde6470000 	C:\WINDOWS\SYSTEM32\ntdll.dll
0x00007ffde5db0000 - 0x00007ffde5e62000 	C:\WINDOWS\System32\KERNEL32.DLL
0x00007ffde39c0000 - 0x00007ffde3c65000 	C:\WINDOWS\System32\KERNELBASE.dll
0x00007ffde3d10000 - 0x00007ffde3e0a000 	C:\WINDOWS\System32\ucrtbase.dll
0x00007ffdccda0000 - 0x00007ffdccdb8000 	F:\Java\jdk-12.0.2\bin\jli.dll
0x00007ffdcc1e0000 - 0x00007ffdcc1f6000 	F:\Java\jdk-12.0.2\bin\VCRUNTIME140.dll
0x00007ffde5250000 - 0x00007ffde52f3000 	C:\WINDOWS\System32\ADVAPI32.dll
0x00007ffde46c0000 - 0x00007ffde475e000 	C:\WINDOWS\System32\msvcrt.dll
0x00007ffde51b0000 - 0x00007ffde5247000 	C:\WINDOWS\System32\sechost.dll
0x00007ffde5f50000 - 0x00007ffde6070000 	C:\WINDOWS\System32\RPCRT4.dll
0x00007ffde5360000 - 0x00007ffde54f4000 	C:\WINDOWS\System32\USER32.dll
0x00007ffdd79e0000 - 0x00007ffdd7c64000 	C:\WINDOWS\WinSxS\amd64_microsoft.windows.common-controls_6595b64144ccf1df_6.0.18362.1139_none_9e7bf2d3e4605ac6\COMCTL32.dll
0x00007ffde3990000 - 0x00007ffde39b1000 	C:\WINDOWS\System32\win32u.dll
0x00007ffde4d30000 - 0x00007ffde5065000 	C:\WINDOWS\System32\combase.dll
0x00007ffde4630000 - 0x00007ffde4656000 	C:\WINDOWS\System32\GDI32.dll
0x00007ffde3ef0000 - 0x00007ffde4086000 	C:\WINDOWS\System32\gdi32full.dll
0x00007ffde3e70000 - 0x00007ffde3ef0000 	C:\WINDOWS\System32\bcryptPrimitives.dll
0x00007ffde41e0000 - 0x00007ffde427e000 	C:\WINDOWS\System32\msvcp_win.dll
0x00007ffdd4a40000 - 0x00007ffdd4a4a000 	C:\WINDOWS\SYSTEM32\VERSION.dll
0x00007ffde5e70000 - 0x00007ffde5e9e000 	C:\WINDOWS\System32\IMM32.DLL
0x00007ffdbdcf0000 - 0x00007ffdbdd9a000 	F:\Java\jdk-12.0.2\bin\msvcp140.dll
0x00007ffdb58c0000 - 0x00007ffdb6437000 	F:\Java\jdk-12.0.2\bin\server\jvm.dll
0x00007ffde5510000 - 0x00007ffde5518000 	C:\WINDOWS\System32\PSAPI.DLL
0x00007ffdde8e0000 - 0x00007ffdde8e9000 	C:\WINDOWS\SYSTEM32\WSOCK32.dll
0x00007ffddfdd0000 - 0x00007ffddfdf4000 	C:\WINDOWS\SYSTEM32\WINMM.dll
0x00007ffde5ce0000 - 0x00007ffde5d4f000 	C:\WINDOWS\System32\WS2_32.dll
0x00007ffddfda0000 - 0x00007ffddfdcd000 	C:\WINDOWS\SYSTEM32\WINMMBASE.dll
0x00007ffde3cc0000 - 0x00007ffde3d0a000 	C:\WINDOWS\System32\cfgmgr32.dll
0x00007ffde3150000 - 0x00007ffde3161000 	C:\WINDOWS\System32\kernel.appcore.dll
0x00007ffdd78c0000 - 0x00007ffdd78d1000 	F:\Java\jdk-12.0.2\bin\verify.dll
0x00007ffdd8670000 - 0x00007ffdd8864000 	C:\WINDOWS\SYSTEM32\DBGHELP.DLL
0x00007ffdd8620000 - 0x00007ffdd864a000 	C:\WINDOWS\SYSTEM32\dbgcore.DLL
0x00007ffdd4260000 - 0x00007ffdd4286000 	F:\Java\jdk-12.0.2\bin\java.dll
0x00007ffdd4240000 - 0x00007ffdd4257000 	F:\Java\jdk-12.0.2\bin\zip.dll
0x00007ffdddee0000 - 0x00007ffdddeea000 	F:\Java\jdk-12.0.2\bin\jimage.dll

dbghelp: loaded successfully - version: 4.0.5 - missing functions: none
symbol engine: initialized successfully - sym options: 0x614 - pdb path: .;F:\Java\jdk-12.0.2\bin;C:\WINDOWS\SYSTEM32;C:\WINDOWS\WinSxS\amd64_microsoft.windows.common-controls_6595b64144ccf1df_6.0.18362.1139_none_9e7bf2d3e4605ac6;F:\Java\jdk-12.0.2\bin\server

VM Arguments:
jvm_args: -Dfile.encoding=Cp1252 
java_command: SnakeGame.SnakeFrame
java_class_path (initial): F:\Small Games\bin
Launcher Type: SUN_STANDARD

[Global flags]
     intx CICompilerCount                          = 3                                         {product} {ergonomic}
     uint ConcGCThreads                            = 1                                         {product} {ergonomic}
     uint G1ConcRefinementThreads                  = 4                                         {product} {ergonomic}
   size_t G1HeapRegionSize                         = 1048576                                   {product} {ergonomic}
    uintx GCDrainStackTargetSize                   = 64                                        {product} {ergonomic}
   size_t InitialHeapSize                          = 67108864                                  {product} {ergonomic}
   size_t MarkStackSize                            = 4194304                                   {product} {ergonomic}
   size_t MaxHeapSize                              = 1048576000                                {product} {ergonomic}
   size_t MinHeapDeltaBytes                        = 1048576                                   {product} {ergonomic}
    uintx NonNMethodCodeHeapSize                   = 5830732                                {pd product} {ergonomic}
    uintx NonProfiledCodeHeapSize                  = 122913754                              {pd product} {ergonomic}
    uintx ProfiledCodeHeapSize                     = 122913754                              {pd product} {ergonomic}
    uintx ReservedCodeCacheSize                    = 251658240                              {pd product} {ergonomic}
     bool SegmentedCodeCache                       = true                                      {product} {ergonomic}
     bool UseCompressedClassPointers               = true                                 {lp64_product} {ergonomic}
     bool UseCompressedOops                        = true                                 {lp64_product} {ergonomic}
     bool UseG1GC                                  = true                                      {product} {ergonomic}
     bool UseLargePagesIndividualAllocation        = false                                  {pd product} {ergonomic}

Logging:
Log output configuration:
 #0: stdout all=warning uptime,level,tags
 #1: stderr all=off uptime,level,tags

Environment Variables:
PATH=F:/Java/jdk-12.0.2/bin/server;F:/Java/jdk-12.0.2/bin;C:\WINDOWS\system32;C:\WINDOWS;C:\WINDOWS\System32\Wbem;C:\WINDOWS\System32\WindowsPowerShell\v1.0\;C:\WINDOWS\System32\OpenSSH\;C:\MinGW\bin;F:\Java\jdk-12.0.2\bin;F:\Java\jdk-12.0.2\bin;E:\code blocks\CodeBlocks\MinGW\bin;;D:\eclipse;
USERNAME=Ayushi Suthar
OS=Windows_NT
PROCESSOR_IDENTIFIER=Intel64 Family 6 Model 69 Stepping 1, GenuineIntel



---------------  S Y S T E M  ---------------

OS: Windows 10 , 64 bit Build 18362 (10.0.18362.1110)

CPU:total 4 (initial active 4) (2 cores per cpu, 2 threads per core) family 6 model 69 stepping 1, cmov, cx8, fxsr, mmx, sse, sse2, sse3, ssse3, sse4.1, sse4.2, popcnt, avx, avx2, aes, clmul, erms, lzcnt, ht, tsc, tscinvbit, bmi1, bmi2, fma

Memory: 4k page, system-wide physical 3999M (448M free)
TotalPageFile size 11493M (AvailPageFile size 44M)
current process WorkingSet (physical memory assigned to process): 9M, peak: 9M
current process commit charge ("private bytes"): 51M, peak: 115M

vm_info: Java HotSpot(TM) 64-Bit Server VM (12.0.2+10) for windows-amd64 JRE (12.0.2+10), built on Jul 16 2019 01:56:17 by "mach5one" with MS VC++ 15.5 (VS2017)

END.
